<?xml version="1.0" encoding="UTF-8"?>
<testng-results skipped="0" failed="0" total="1" passed="1">
  <reporter-output>
  </reporter-output>
  <suite name="Bloomz_Test_Run" duration-ms="88116" started-at="2017-08-01T20:56:31Z" finished-at="2017-08-01T20:57:59Z">
    <groups>
      <group name="web">
        <method signature="BV_TestCases.createVRRecurringEventInAClass()[pri:0, instance:com.net.bloomz.tests.BV_TestCases@3444d69d]" name="createVRRecurringEventInAClass" class="com.net.bloomz.tests.BV_TestCases"/>
      </group> <!-- web -->
      <group name="BVT01002">
        <method signature="BV_TestCases.createVRRecurringEventInAClass()[pri:0, instance:com.net.bloomz.tests.BV_TestCases@3444d69d]" name="createVRRecurringEventInAClass" class="com.net.bloomz.tests.BV_TestCases"/>
      </group> <!-- BVT01002 -->
      <group name="android">
        <method signature="BV_TestCases.createVRRecurringEventInAClass()[pri:0, instance:com.net.bloomz.tests.BV_TestCases@3444d69d]" name="createVRRecurringEventInAClass" class="com.net.bloomz.tests.BV_TestCases"/>
      </group> <!-- android -->
      <group name="ios">
        <method signature="BV_TestCases.createVRRecurringEventInAClass()[pri:0, instance:com.net.bloomz.tests.BV_TestCases@3444d69d]" name="createVRRecurringEventInAClass" class="com.net.bloomz.tests.BV_TestCases"/>
      </group> <!-- ios -->
    </groups>
    <test name="BVT Web Testcases on chrome - Local" duration-ms="88116" started-at="2017-08-01T20:56:31Z" finished-at="2017-08-01T20:57:59Z">
      <class name="com.net.bloomz.tests.BV_TestCases">
        <test-method status="PASS" signature="setUp()[pri:0, instance:com.net.bloomz.tests.BV_TestCases@3444d69d]" name="setUp" is-config="true" duration-ms="11" started-at="2017-08-01T13:56:31Z" finished-at="2017-08-01T13:56:31Z">
          <reporter-output>
          </reporter-output>
        </test-method> <!-- setUp -->
        <test-method status="PASS" signature="startMethod(java.lang.reflect.Method, java.lang.String, java.lang.String, java.lang.String)[pri:0, instance:com.net.bloomz.tests.BV_TestCases@3444d69d]" name="startMethod" is-config="true" duration-ms="5371" started-at="2017-08-01T13:56:31Z" finished-at="2017-08-01T13:56:36Z">
          <params>
            <param index="0">
              <value>
                <![CDATA[public void com.net.bloomz.tests.BV_TestCases.createVRRecurringEventInAClass() throws java.lang.Exception]]>
              </value>
            </param>
            <param index="1">
              <value>
                <![CDATA[Web]]>
              </value>
            </param>
            <param index="2">
              <value>
                <![CDATA[CHROME]]>
              </value>
            </param>
            <param index="3">
              <value>
                <![CDATA[local]]>
              </value>
            </param>
          </params>
          <reporter-output>
          </reporter-output>
        </test-method> <!-- startMethod -->
        <test-method status="PASS" signature="createVRRecurringEventInAClass()[pri:0, instance:com.net.bloomz.tests.BV_TestCases@3444d69d]" name="createVRRecurringEventInAClass" duration-ms="80924" started-at="2017-08-01T13:56:36Z" finished-at="2017-08-01T13:57:57Z">
          <reporter-output>
          </reporter-output>
        </test-method> <!-- createVRRecurringEventInAClass -->
        <test-method status="PASS" signature="stopMethod(org.testng.ITestResult)[pri:0, instance:com.net.bloomz.tests.BV_TestCases@3444d69d]" name="stopMethod" is-config="true" duration-ms="1798" started-at="2017-08-01T13:57:57Z" finished-at="2017-08-01T13:57:59Z">
          <params>
            <param index="0">
              <value>
                <![CDATA[[TestResult name=createVRRecurringEventInAClass status=SUCCESS method=BV_TestCases.createVRRecurringEventInAClass()[pri:0, instance:com.net.bloomz.tests.BV_TestCases@3444d69d] output={null}]]]>
              </value>
            </param>
          </params>
          <reporter-output>
          </reporter-output>
        </test-method> <!-- stopMethod -->
        <test-method status="PASS" signature="tearDown()[pri:0, instance:com.net.bloomz.tests.BV_TestCases@3444d69d]" name="tearDown" is-config="true" duration-ms="0" started-at="2017-08-01T13:57:59Z" finished-at="2017-08-01T13:57:59Z">
          <reporter-output>
          </reporter-output>
        </test-method> <!-- tearDown -->
      </class> <!-- com.net.bloomz.tests.BV_TestCases -->
    </test> <!-- BVT Web Testcases on chrome - Local -->
  </suite> <!-- Bloomz_Test_Run -->
</testng-results>
