<?xml version="1.0" encoding="UTF-8"?>
<testng-results skipped="0" failed="1" total="1" passed="0">
  <reporter-output>
  </reporter-output>
  <suite name="Bloomz_Test_Run" duration-ms="70088" started-at="2017-07-10T21:43:16Z" finished-at="2017-07-10T21:44:26Z">
    <groups>
      <group name="BVT09">
        <method signature="BV_TestCases.BVT09_testVolunteersOnMainFeedForExistingAccount()[pri:0, instance:com.net.bloomz.tests.BV_TestCases@1372ed45]" name="BVT09_testVolunteersOnMainFeedForExistingAccount" class="com.net.bloomz.tests.BV_TestCases"/>
      </group> <!-- BVT09 -->
      <group name="web">
        <method signature="BV_TestCases.BVT09_testVolunteersOnMainFeedForExistingAccount()[pri:0, instance:com.net.bloomz.tests.BV_TestCases@1372ed45]" name="BVT09_testVolunteersOnMainFeedForExistingAccount" class="com.net.bloomz.tests.BV_TestCases"/>
      </group> <!-- web -->
      <group name="android">
        <method signature="BV_TestCases.BVT09_testVolunteersOnMainFeedForExistingAccount()[pri:0, instance:com.net.bloomz.tests.BV_TestCases@1372ed45]" name="BVT09_testVolunteersOnMainFeedForExistingAccount" class="com.net.bloomz.tests.BV_TestCases"/>
      </group> <!-- android -->
      <group name="ios">
        <method signature="BV_TestCases.BVT09_testVolunteersOnMainFeedForExistingAccount()[pri:0, instance:com.net.bloomz.tests.BV_TestCases@1372ed45]" name="BVT09_testVolunteersOnMainFeedForExistingAccount" class="com.net.bloomz.tests.BV_TestCases"/>
      </group> <!-- ios -->
    </groups>
    <test name="BVT Web Testcases on chrome - Local" duration-ms="70088" started-at="2017-07-10T21:43:16Z" finished-at="2017-07-10T21:44:26Z">
      <class name="com.net.bloomz.tests.BV_TestCases">
        <test-method status="PASS" signature="setUp()[pri:0, instance:com.net.bloomz.tests.BV_TestCases@1372ed45]" name="setUp" is-config="true" duration-ms="14" started-at="2017-07-10T14:43:16Z" finished-at="2017-07-10T14:43:16Z">
          <reporter-output>
          </reporter-output>
        </test-method> <!-- setUp -->
        <test-method status="PASS" signature="startMethod(java.lang.reflect.Method, java.lang.String, java.lang.String, java.lang.String)[pri:0, instance:com.net.bloomz.tests.BV_TestCases@1372ed45]" name="startMethod" is-config="true" duration-ms="15474" started-at="2017-07-10T14:43:16Z" finished-at="2017-07-10T14:43:31Z">
          <params>
            <param index="0">
              <value>
                <![CDATA[public void com.net.bloomz.tests.BV_TestCases.BVT09_testVolunteersOnMainFeedForExistingAccount()]]>
              </value>
            </param>
            <param index="1">
              <value>
                <![CDATA[Web]]>
              </value>
            </param>
            <param index="2">
              <value>
                <![CDATA[CHROME]]>
              </value>
            </param>
            <param index="3">
              <value>
                <![CDATA[local]]>
              </value>
            </param>
          </params>
          <reporter-output>
          </reporter-output>
        </test-method> <!-- startMethod -->
        <test-method status="FAIL" signature="BVT09_testVolunteersOnMainFeedForExistingAccount()[pri:0, instance:com.net.bloomz.tests.BV_TestCases@1372ed45]" name="BVT09_testVolunteersOnMainFeedForExistingAccount" duration-ms="52406" started-at="2017-07-10T14:43:31Z" finished-at="2017-07-10T14:44:24Z">
          <exception class="org.openqa.selenium.TimeoutException">
            <message>
              <![CDATA[Timed out after 40 seconds: By.id: bloomzMainNav_navLeftVolunteersis not present
Build info: version: '2.47.1', revision: 'unknown', time: '2015-07-30 11:02:44'
System info: host: 'Vishal-PC', ip: '192.168.0.108', os.name: 'Windows 8.1', os.arch: 'amd64', os.version: '6.3', java.version: '1.8.0_20'
Driver info: org.openqa.selenium.chrome.ChromeDriver
Capabilities [{applicationCacheEnabled=false, rotatable=false, mobileEmulationEnabled=false, networkConnectionEnabled=false, chrome={chromedriverVersion=2.30.477700 (0057494ad8732195794a7b32078424f92a5fce41), userDataDir=C:\Users\VISHAL~1\AppData\Local\Temp\scoped_dir9356_18065}, takesHeapSnapshot=true, pageLoadStrategy=normal, databaseEnabled=false, handlesAlerts=true, hasTouchScreen=false, version=59.0.3071.115, platform=WIN8_1, browserConnectionEnabled=false, nativeEvents=true, acceptSslCerts=true, locationContextEnabled=true, webStorageEnabled=true, browserName=chrome, takesScreenshot=true, javascriptEnabled=true, cssSelectorsEnabled=true, unexpectedAlertBehaviour=}]
Session ID: 8ca299d927a0ad5bca44eb1e07649f26]]>
            </message>
            <full-stacktrace>
              <![CDATA[org.openqa.selenium.TimeoutException: Timed out after 40 seconds: By.id: bloomzMainNav_navLeftVolunteersis not present
Build info: version: '2.47.1', revision: 'unknown', time: '2015-07-30 11:02:44'
System info: host: 'Vishal-PC', ip: '192.168.0.108', os.name: 'Windows 8.1', os.arch: 'amd64', os.version: '6.3', java.version: '1.8.0_20'
Driver info: org.openqa.selenium.chrome.ChromeDriver
Capabilities [{applicationCacheEnabled=false, rotatable=false, mobileEmulationEnabled=false, networkConnectionEnabled=false, chrome={chromedriverVersion=2.30.477700 (0057494ad8732195794a7b32078424f92a5fce41), userDataDir=C:\Users\VISHAL~1\AppData\Local\Temp\scoped_dir9356_18065}, takesHeapSnapshot=true, pageLoadStrategy=normal, databaseEnabled=false, handlesAlerts=true, hasTouchScreen=false, version=59.0.3071.115, platform=WIN8_1, browserConnectionEnabled=false, nativeEvents=true, acceptSslCerts=true, locationContextEnabled=true, webStorageEnabled=true, browserName=chrome, takesScreenshot=true, javascriptEnabled=true, cssSelectorsEnabled=true, unexpectedAlertBehaviour=}]
Session ID: 8ca299d927a0ad5bca44eb1e07649f26
	at org.openqa.selenium.support.ui.WebDriverWait.timeoutException(WebDriverWait.java:80)
	at org.openqa.selenium.support.ui.FluentWait.until(FluentWait.java:229)
	at com.net.bloomz.appium.pagefactory.framework.actions.BaseSeleniumActions.waitOnExpectedCondition(BaseSeleniumActions.java:1202)
	at com.net.bloomz.pages.BasePage.waitForElement(BasePage.java:119)
	at com.net.bloomz.pages.BasePage.click(BasePage.java:76)
	at com.net.bloomz.pages.HomePage.clickOnVolunteersTab(HomePage.java:61)
	at com.net.bloomz.tests.BV_TestCases.BVT09_testVolunteersOnMainFeedForExistingAccount(BV_TestCases.java:83)
	at sun.reflect.NativeMethodAccessorImpl.invoke0(Native Method)
	at sun.reflect.NativeMethodAccessorImpl.invoke(NativeMethodAccessorImpl.java:62)
	at sun.reflect.DelegatingMethodAccessorImpl.invoke(DelegatingMethodAccessorImpl.java:43)
	at java.lang.reflect.Method.invoke(Method.java:483)
	at org.testng.internal.MethodInvocationHelper.invokeMethod(MethodInvocationHelper.java:85)
	at org.testng.internal.Invoker.invokeMethod(Invoker.java:639)
	at org.testng.internal.Invoker.invokeTestMethod(Invoker.java:821)
	at org.testng.internal.Invoker.invokeTestMethods(Invoker.java:1131)
	at org.testng.internal.TestMethodWorker.invokeTestMethods(TestMethodWorker.java:124)
	at org.testng.internal.TestMethodWorker.run(TestMethodWorker.java:108)
	at org.testng.TestRunner.privateRun(TestRunner.java:773)
	at org.testng.TestRunner.run(TestRunner.java:623)
	at org.testng.SuiteRunner.runTest(SuiteRunner.java:357)
	at org.testng.SuiteRunner.runSequentially(SuiteRunner.java:352)
	at org.testng.SuiteRunner.privateRun(SuiteRunner.java:310)
	at org.testng.SuiteRunner.run(SuiteRunner.java:259)
	at org.testng.SuiteRunnerWorker.runSuite(SuiteRunnerWorker.java:52)
	at org.testng.SuiteRunnerWorker.run(SuiteRunnerWorker.java:86)
	at org.testng.TestNG.runSuitesSequentially(TestNG.java:1185)
	at org.testng.TestNG.runSuitesLocally(TestNG.java:1110)
	at org.testng.TestNG.run(TestNG.java:1018)
	at org.testng.remote.AbstractRemoteTestNG.run(AbstractRemoteTestNG.java:132)
	at org.testng.remote.RemoteTestNG.initAndRun(RemoteTestNG.java:230)
	at org.testng.remote.RemoteTestNG.main(RemoteTestNG.java:76)
Caused by: org.openqa.selenium.NoSuchElementException: no such element: Unable to locate element: {"method":"id","selector":"bloomzMainNav_navLeftVolunteers"}
  (Session info: chrome=59.0.3071.115)
  (Driver info: chromedriver=2.30.477700 (0057494ad8732195794a7b32078424f92a5fce41),platform=Windows NT 10.0.10586 x86_64) (WARNING: The server did not provide any stacktrace information)
Command duration or timeout: 2.03 seconds
For documentation on this error, please visit: http://seleniumhq.org/exceptions/no_such_element.html
Build info: version: '2.47.1', revision: 'unknown', time: '2015-07-30 11:02:44'
System info: host: 'Vishal-PC', ip: '192.168.0.108', os.name: 'Windows 8.1', os.arch: 'amd64', os.version: '6.3', java.version: '1.8.0_20'
Driver info: org.openqa.selenium.chrome.ChromeDriver
Capabilities [{applicationCacheEnabled=false, rotatable=false, mobileEmulationEnabled=false, networkConnectionEnabled=false, chrome={chromedriverVersion=2.30.477700 (0057494ad8732195794a7b32078424f92a5fce41), userDataDir=C:\Users\VISHAL~1\AppData\Local\Temp\scoped_dir9356_18065}, takesHeapSnapshot=true, pageLoadStrategy=normal, databaseEnabled=false, handlesAlerts=true, hasTouchScreen=false, version=59.0.3071.115, platform=WIN8_1, browserConnectionEnabled=false, nativeEvents=true, acceptSslCerts=true, locationContextEnabled=true, webStorageEnabled=true, browserName=chrome, takesScreenshot=true, javascriptEnabled=true, cssSelectorsEnabled=true, unexpectedAlertBehaviour=}]
Session ID: 8ca299d927a0ad5bca44eb1e07649f26
*** Element info: {Using=id, value=bloomzMainNav_navLeftVolunteers}
	at sun.reflect.GeneratedConstructorAccessor10.newInstance(Unknown Source)
	at sun.reflect.DelegatingConstructorAccessorImpl.newInstance(DelegatingConstructorAccessorImpl.java:45)
	at java.lang.reflect.Constructor.newInstance(Constructor.java:408)
	at org.openqa.selenium.remote.ErrorHandler.createThrowable(ErrorHandler.java:206)
	at org.openqa.selenium.remote.ErrorHandler.throwIfResponseFailed(ErrorHandler.java:158)
	at org.openqa.selenium.remote.RemoteWebDriver.execute(RemoteWebDriver.java:595)
	at org.openqa.selenium.remote.RemoteWebDriver.findElement(RemoteWebDriver.java:348)
	at org.openqa.selenium.remote.RemoteWebDriver.findElementById(RemoteWebDriver.java:389)
	at org.openqa.selenium.By$ById.findElement(By.java:215)
	at org.openqa.selenium.remote.RemoteWebDriver.findElement(RemoteWebDriver.java:340)
	at org.openqa.selenium.support.ui.ExpectedConditions.findElement(ExpectedConditions.java:861)
	at org.openqa.selenium.support.ui.ExpectedConditions.access$000(ExpectedConditions.java:41)
	at org.openqa.selenium.support.ui.ExpectedConditions$7.apply(ExpectedConditions.java:205)
	at org.openqa.selenium.support.ui.ExpectedConditions$7.apply(ExpectedConditions.java:201)
	at org.openqa.selenium.support.ui.FluentWait.until(FluentWait.java:209)
	... 29 more
]]>
            </full-stacktrace>
          </exception> <!-- org.openqa.selenium.TimeoutException -->
          <reporter-output>
          </reporter-output>
        </test-method> <!-- BVT09_testVolunteersOnMainFeedForExistingAccount -->
        <test-method status="PASS" signature="stopMethod(org.testng.ITestResult)[pri:0, instance:com.net.bloomz.tests.BV_TestCases@1372ed45]" name="stopMethod" is-config="true" duration-ms="2064" started-at="2017-07-10T14:44:24Z" finished-at="2017-07-10T14:44:26Z">
          <params>
            <param index="0">
              <value>
                <![CDATA[[TestResult name=BVT09_testVolunteersOnMainFeedForExistingAccount status=FAILURE method=BV_TestCases.BVT09_testVolunteersOnMainFeedForExistingAccount()[pri:0, instance:com.net.bloomz.tests.BV_TestCases@1372ed45] output={null}]]]>
              </value>
            </param>
          </params>
          <reporter-output>
          </reporter-output>
        </test-method> <!-- stopMethod -->
        <test-method status="PASS" signature="tearDown()[pri:0, instance:com.net.bloomz.tests.BV_TestCases@1372ed45]" name="tearDown" is-config="true" duration-ms="1" started-at="2017-07-10T14:44:26Z" finished-at="2017-07-10T14:44:26Z">
          <reporter-output>
          </reporter-output>
        </test-method> <!-- tearDown -->
      </class> <!-- com.net.bloomz.tests.BV_TestCases -->
    </test> <!-- BVT Web Testcases on chrome - Local -->
  </suite> <!-- Bloomz_Test_Run -->
</testng-results>
