<?xml version="1.0" encoding="UTF-8"?>
<testsuite name="TestSuite" time="5.089" tests="4" errors="0" skipped="0" failures="0">
  <properties>
[...]
</properties>
  <testcase name="testAppInstallation" classname="com.bloomz.tests.BVTTests" time="1.222"/>
  <testcase name="testAppInstallation" classname="com.bloomz.tests.BVTTests" time="1.585"/>
  <testcase name="testAppLauch" classname="com.bloomz.tests.BVTTests" time="3.867"/>
  <testcase name="testAppLauch" classname="com.bloomz.tests.BVTTests" time="4.532"/>
</testsuite>