<?xml version="1.0" encoding="UTF-8"?>
<testsuite name="TestSuite" time="1,160.841" tests="15" errors="0" skipped="0" failures="0">
  <properties>
[...]
</properties>
  <testcase name="testAppInstallation" classname="com.bloomz.tests.BVTTests" time="0.976"/>
  <testcase name="testAppLauch" classname="com.bloomz.tests.BVTTests" time="6.017"/>
  <testcase name="testSignInWithValidInputs" classname="com.bloomz.tests.BVTTests" time="74.326"/>
  <testcase name="testSignUpForTeacher" classname="com.bloomz.tests.BVTTests" time="126.823"/>
  <testcase name="testSignUpForRoomParent" classname="com.bloomz.tests.BVTTests" time="143.234"/>
  <testcase name="testExistingAccountWithHomeTab" classname="com.bloomz.tests.BVTTests" time="76.218"/>
  <testcase name="testExistingAccountWithCalendarEventsTab" classname="com.bloomz.tests.BVTTests" time="73.219"/>
  <testcase name="testExistingAccountWithMessageTab" classname="com.bloomz.tests.BVTTests" time="74.445"/>
  <testcase name="testExistingAccountWithVolunteerTab" classname="com.bloomz.tests.BVTTests" time="74.422"/>
  <testcase name="testExistingAccountWithContactsTab" classname="com.bloomz.tests.BVTTests" time="70.987"/>
  <testcase name="testAppBackgroundedAndForegrounded" classname="com.bloomz.tests.BVTTests" time="89.598"/>
  <testcase name="testExistingAccountPostsByScrolling" classname="com.bloomz.tests.BVTTests" time="75.282"/>
  <testcase name="testExistingAccountCalenderEventsByScrolling" classname="com.bloomz.tests.BVTTests" time="81.57"/>
  <testcase name="testLaunchClassFromFlyOutMenu" classname="com.bloomz.tests.BVTTests" time="84.49"/>
  <testcase name="testSwitchTabInClassScreen" classname="com.bloomz.tests.BVTTests" time="109.234"/>
</testsuite>